#
# A fatal error has been detected by the Java Runtime Environment:
#
#  Internal Error (safepoint.cpp:716), pid=6269, tid=0x000000000001052b
#  fatal error: Illegal threadstate encountered: 4
#
# JRE version: Java(TM) SE Runtime Environment (8.0_311-b11) (build 1.8.0_311-b11)
# Java VM: Java HotSpot(TM) 64-Bit Server VM (25.311-b11 mixed mode bsd-amd64 compressed oops)
# Failed to write core dump. Core dumps have been disabled. To enable core dumping, try "ulimit -c unlimited" before starting Java again
#
# If you would like to submit a bug report, please visit:
#   http://bugreport.java.com/bugreport/crash.jsp
# The crash happened outside the Java Virtual Machine in native code.
# See problematic frame for where to report the bug.
#

---------------  T H R E A D  ---------------

Current thread (0x00007fd4921e3800):  JavaThread "Thread-3" daemon [_thread_in_native, id=66859, stack(0x000070000ab57000,0x000070000ac57000)]

Stack: [0x000070000ab57000,0x000070000ac57000],  sp=0x000070000ac55f10,  free space=1019k
Native frames: (J=compiled Java code, j=interpreted, Vv=VM code, C=native code)
V  [libjvm.dylib+0x59b253]
V  [libjvm.dylib+0x1d392b]
V  [libjvm.dylib+0x4e75ff]
V  [libjvm.dylib+0x561aa3]
V  [libjvm.dylib+0x2fd8da]
C  [libglass.dylib+0x9d38]  -[GlassRunnable dealloc]+0x28
C  [Foundation+0x81bee]  -[_NSThreadPerformInfo dealloc]+0x2a
C  [Foundation+0x4e496]  -[NSObject(NSThreadPerformAdditions) performSelectorOnMainThread:withObject:waitUntilDone:]+0x7c
J 3151  com.sun.glass.ui.mac.MacApplication._submitForLaterInvocation(Ljava/lang/Runnable;)V (0 bytes) @ 0x00000001093c007c [0x00000001093bffc0+0xbc]
J 3091 C1 com.sun.glass.ui.mac.MacApplication.submitForLaterInvocation(Ljava/lang/Runnable;)V (6 bytes) @ 0x0000000109b5713c [0x0000000109b570c0+0x7c]
j  com.sun.glass.ui.InvokeLaterDispatcher.run()V+82
v  ~StubRoutines::call_stub
V  [libjvm.dylib+0x2d63ff]
V  [libjvm.dylib+0x2d5262]
V  [libjvm.dylib+0x2d5443]
V  [libjvm.dylib+0x3427d7]
V  [libjvm.dylib+0x5602ee]
V  [libjvm.dylib+0x5601b3]
V  [libjvm.dylib+0x48d487]
C  [libsystem_pthread.dylib+0x64e1]  _pthread_start+0x7d
C  [libsystem_pthread.dylib+0x1f6b]  thread_start+0xf
C  0x0000000000000000

Java frames: (J=compiled Java code, j=interpreted, Vv=VM code)
J 3151  com.sun.glass.ui.mac.MacApplication._submitForLaterInvocation(Ljava/lang/Runnable;)V (0 bytes) @ 0x00000001093c000c [0x00000001093bffc0+0x4c]
J 3091 C1 com.sun.glass.ui.mac.MacApplication.submitForLaterInvocation(Ljava/lang/Runnable;)V (6 bytes) @ 0x0000000109b5713c [0x0000000109b570c0+0x7c]
j  com.sun.glass.ui.InvokeLaterDispatcher.run()V+82
v  ~StubRoutines::call_stub

---------------  P R O C E S S  ---------------

Java Threads: ( => current thread )
  0x00007fd497969000 JavaThread "Keep-Alive-Timer" daemon [_thread_blocked, id=61699, stack(0x000070000bd0d000,0x000070000be0d000)]
  0x00007fd491b13000 JavaThread "PulseTimer-CVDisplayLink thread" daemon [_thread_blocked, id=61187, stack(0x0000700009da7000,0x0000700009e27000)]
  0x00007fd4931a5800 JavaThread "Disposer" daemon [_thread_blocked, id=60939, stack(0x000070000ba04000,0x000070000bb04000)]
  0x00007fd494008800 JavaThread "Prism Font Disposer" daemon [_thread_blocked, id=71951, stack(0x000070000b901000,0x000070000ba01000)]
=>0x00007fd4921e3800 JavaThread "Thread-3" daemon [_thread_in_native, id=66859, stack(0x000070000ab57000,0x000070000ac57000)]
  0x00007fd492101800 JavaThread "QuantumRenderer-0" daemon [_thread_blocked, id=34055, stack(0x000070000a745000,0x000070000a845000)]
  0x00007fd4968fc000 JavaThread "DestroyJavaVM" [_thread_blocked, id=3331, stack(0x0000700009100000,0x0000700009200000)]
  0x00007fd494175000 JavaThread "RMI TCP Connection(1)-192.168.188.55" daemon [_thread_in_native, id=60163, stack(0x000070000b6fb000,0x000070000b7fb000)]
  0x00007fd492116000 JavaThread "RMI Reaper" [_thread_blocked, id=68099, stack(0x000070000b5f8000,0x000070000b6f8000)]
  0x00007fd492115800 JavaThread "RMI TCP Accept-0" daemon [_thread_in_native, id=59395, stack(0x000070000b4f5000,0x000070000b5f5000)]
  0x00007fd494252000 JavaThread "CLIENT MessageDeliveryThread" daemon [_thread_blocked, id=68619, stack(0x000070000b3f2000,0x000070000b4f2000)]
  0x00007fd4921e2000 JavaThread "GC Daemon" daemon [_thread_blocked, id=69123, stack(0x000070000b2ef000,0x000070000b3ef000)]
  0x00007fd4948dc000 JavaThread "RMI RenewClean-[192.168.188.55:56068]" daemon [_thread_blocked, id=70727, stack(0x000070000b1ec000,0x000070000b2ec000)]
  0x00007fd493934800 JavaThread "RMI Scheduler(0)" daemon [_thread_blocked, id=69891, stack(0x000070000b0e9000,0x000070000b1e9000)]
  0x00007fd4940e8800 JavaThread "TimerQueue" daemon [_thread_blocked, id=1819, stack(0x000070000afe6000,0x000070000b0e6000)]
  0x00007fd494261000 JavaThread "Timer-0" daemon [_thread_blocked, id=58887, stack(0x000070000aee3000,0x000070000afe3000)]
  0x00007fd49792a000 JavaThread "AWT-EventQueue-0" [_thread_blocked, id=57491, stack(0x000070000ad5d000,0x000070000ae5d000)]
  0x00007fd492112800 JavaThread "Attach Listener" daemon [_thread_blocked, id=73479, stack(0x000070000ac5a000,0x000070000ad5a000)]
  0x00007fd497906800 JavaThread "Java2D Disposer" daemon [_thread_blocked, id=53007, stack(0x000070000aa54000,0x000070000ab54000)]
  0x00007fd4920e2000 JavaThread "Java2D Queue Flusher" daemon [_thread_blocked, id=80647, stack(0x000070000a951000,0x000070000aa51000)]
  0x00007fd493078800 JavaThread "AWT-Shutdown" [_thread_blocked, id=36099, stack(0x000070000a642000,0x000070000a742000)]
  0x00007fd4938d4800 JavaThread "JavaFX Application Thread" daemon [_thread_in_native_trans, id=259, stack(0x00007ff7bd179000,0x00007ff7bd979000)]
  0x00007fd4940be000 JavaThread "Service Thread" daemon [_thread_blocked, id=16131, stack(0x000070000a43c000,0x000070000a53c000)]
  0x00007fd497822000 JavaThread "C1 CompilerThread3" daemon [_thread_blocked, id=15107, stack(0x000070000a339000,0x000070000a439000)]
  0x00007fd492037000 JavaThread "C2 CompilerThread2" daemon [_thread_blocked, id=14851, stack(0x000070000a236000,0x000070000a336000)]
  0x00007fd492036000 JavaThread "C2 CompilerThread1" daemon [_thread_blocked, id=17155, stack(0x000070000a133000,0x000070000a233000)]
  0x00007fd492035000 JavaThread "C2 CompilerThread0" daemon [_thread_blocked, id=14595, stack(0x000070000a030000,0x000070000a130000)]
  0x00007fd49682d000 JavaThread "Monitor Ctrl-Break" daemon [_thread_in_native, id=14083, stack(0x0000700009f2d000,0x000070000a02d000)]
  0x00007fd493029800 JavaThread "Signal Dispatcher" daemon [_thread_blocked, id=17667, stack(0x0000700009e2a000,0x0000700009f2a000)]
  0x00007fd49300c800 JavaThread "Finalizer" daemon [_thread_blocked, id=12035, stack(0x0000700009c21000,0x0000700009d21000)]
  0x00007fd494810000 JavaThread "Reference Handler" daemon [_thread_blocked, id=11523, stack(0x0000700009b1e000,0x0000700009c1e000)]

Other Threads:
  0x00007fd492008800 VMThread [stack: 0x0000700009a1b000,0x0000700009b1b000] [id=19715]
  0x00007fd49380a800 WatcherThread [stack: 0x000070000a53f000,0x000070000a63f000] [id=15619]

VM state:synchronizing (normal execution)

VM Mutex/Monitor currently owned by a thread:  ([mutex/lock_event])
[0x000060000015d180] Safepoint_lock - owner thread: 0x00007fd492008800
[0x000060000015d200] Threads_lock - owner thread: 0x00007fd492008800

heap address: 0x0000000740000000, size: 2048 MB, Compressed Oops mode: Zero based, Oop shift amount: 3
Narrow klass base: 0x0000000000000000, Narrow klass shift: 3
Compressed class space size: 1073741824 Address: 0x00000007c0000000

Heap:
 PSYoungGen      total 108544K, used 90235K [0x0000000795580000, 0x00000007a2a80000, 0x00000007c0000000)
  eden space 83968K, 78% used [0x0000000795580000,0x00000007995a5898,0x000000079a780000)
  from space 24576K, 99% used [0x000000079a780000,0x000000079bf79648,0x000000079bf80000)
  to   space 29696K, 0% used [0x00000007a0d80000,0x00000007a0d80000,0x00000007a2a80000)
 ParOldGen       total 139264K, used 72496K [0x0000000740000000, 0x0000000748800000, 0x0000000795580000)
  object space 139264K, 52% used [0x0000000740000000,0x00000007446cc1a0,0x0000000748800000)
 Metaspace       used 33537K, capacity 34598K, committed 34904K, reserved 1079296K
  class space    used 4361K, capacity 4636K, committed 4736K, reserved 1048576K

Card table byte_map: [0x0000000102b6a000,0x0000000102f6b000] byte_map_base: 0x00000000ff16a000

Marking Bits: (ParMarkBitMap*) 0x0000000103bb12e8
 Begin Bits: [0x0000000104293000, 0x0000000106293000)
 End Bits:   [0x0000000106293000, 0x0000000108293000)

Polling page: 0x00000001026c0000

CodeCache: size=245760Kb used=14089Kb max_used=14089Kb free=231670Kb
 bounds [0x000000010928f000, 0x000000010a06f000, 0x000000011828f000]
 total_blobs=5477 nmethods=4521 adapters=868
 compilation: enabled

Compilation events (10 events):
Event: 34.414 Thread 0x00007fd492036000 4952       4       com.sun.javafx.font.PrismFontStrike::getMetrics (27 bytes)
Event: 34.415 Thread 0x00007fd492036000 nmethod 4952 0x000000010a056950 code [0x000000010a056aa0, 0x000000010a056b88]
Event: 34.470 Thread 0x00007fd497822000 4953       3       sun.java2d.pipe.BufferedContext::setSurfaces (49 bytes)
Event: 34.470 Thread 0x00007fd497822000 nmethod 4953 0x000000010a058350 code [0x000000010a058540, 0x000000010a059328]
Event: 34.470 Thread 0x00007fd497822000 4955       3       java.awt.geom.AffineTransform::equals (92 bytes)
Event: 34.471 Thread 0x00007fd497822000 nmethod 4955 0x000000010a057ad0 code [0x000000010a057c60, 0x000000010a058270]
Event: 34.471 Thread 0x00007fd497822000 4956       3       sun.java2d.pipe.BufferedPaints::setPaint (125 bytes)
Event: 34.472 Thread 0x00007fd497822000 nmethod 4956 0x000000010a05b1d0 code [0x000000010a05b400, 0x000000010a05c208]
Event: 34.472 Thread 0x00007fd497822000 4954       3       sun.java2d.pipe.BufferedContext::setClip (299 bytes)
Event: 34.474 Thread 0x00007fd497822000 nmethod 4954 0x000000010a05c750 code [0x000000010a05ca80, 0x000000010a05f338]

GC Heap History (10 events):
Event: 21.239 GC heap before
{Heap before GC invocations=7 (full 2):
 PSYoungGen      total 38400K, used 5096K [0x0000000795580000, 0x000000079a080000, 0x00000007c0000000)
  eden space 33280K, 0% used [0x0000000795580000,0x0000000795580000,0x0000000797600000)
  from space 5120K, 99% used [0x0000000797600000,0x0000000797afa3a0,0x0000000797b00000)
  to   space 5120K, 0% used [0x0000000799b80000,0x0000000799b80000,0x000000079a080000)
 ParOldGen       total 202240K, used 199449K [0x0000000740000000, 0x000000074c580000, 0x0000000795580000)
  object space 202240K, 98% used [0x0000000740000000,0x000000074c2c6558,0x000000074c580000)
 Metaspace       used 26164K, capacity 27000K, committed 27096K, reserved 1073152K
  class space    used 3540K, capacity 3745K, committed 3840K, reserved 1048576K
Event: 21.291 GC heap after
Heap after GC invocations=7 (full 2):
 PSYoungGen      total 38400K, used 0K [0x0000000795580000, 0x000000079a080000, 0x00000007c0000000)
  eden space 33280K, 0% used [0x0000000795580000,0x0000000795580000,0x0000000797600000)
  from space 5120K, 0% used [0x0000000797600000,0x0000000797600000,0x0000000797b00000)
  to   space 5120K, 0% used [0x0000000799b80000,0x0000000799b80000,0x000000079a080000)
 ParOldGen       total 139264K, used 71662K [0x0000000740000000, 0x0000000748800000, 0x0000000795580000)
  object space 139264K, 51% used [0x0000000740000000,0x00000007445fba10,0x0000000748800000)
 Metaspace       used 26164K, capacity 27000K, committed 27096K, reserved 1073152K
  class space    used 3540K, capacity 3745K, committed 3840K, reserved 1048576K
}
Event: 22.135 GC heap before
{Heap before GC invocations=8 (full 2):
 PSYoungGen      total 38400K, used 33280K [0x0000000795580000, 0x000000079a080000, 0x00000007c0000000)
  eden space 33280K, 100% used [0x0000000795580000,0x0000000797600000,0x0000000797600000)
  from space 5120K, 0% used [0x0000000797600000,0x0000000797600000,0x0000000797b00000)
  to   space 5120K, 0% used [0x0000000799b80000,0x0000000799b80000,0x000000079a080000)
 ParOldGen       total 139264K, used 71662K [0x0000000740000000, 0x0000000748800000, 0x0000000795580000)
  object space 139264K, 51% used [0x0000000740000000,0x00000007445fba10,0x0000000748800000)
 Metaspace       used 29426K, capacity 30282K, committed 30552K, reserved 1075200K
  class space    used 3960K, capacity 4184K, committed 4224K, reserved 1048576K
Event: 22.145 GC heap after
Heap after GC invocations=8 (full 2):
 PSYoungGen      total 49664K, used 3372K [0x0000000795580000, 0x000000079c680000, 0x00000007c0000000)
  eden space 44544K, 0% used [0x0000000795580000,0x0000000795580000,0x0000000798100000)
  from space 5120K, 65% used [0x0000000799b80000,0x0000000799ecb318,0x000000079a080000)
  to   space 27136K, 0% used [0x0000000798100000,0x0000000798100000,0x0000000799b80000)
 ParOldGen       total 139264K, used 71670K [0x0000000740000000, 0x0000000748800000, 0x0000000795580000)
  object space 139264K, 51% used [0x0000000740000000,0x00000007445fda10,0x0000000748800000)
 Metaspace       used 29426K, capacity 30282K, committed 30552K, reserved 1075200K
  class space    used 3960K, capacity 4184K, committed 4224K, reserved 1048576K
}
Event: 22.578 GC heap before
{Heap before GC invocations=9 (full 2):
 PSYoungGen      total 49664K, used 47597K [0x0000000795580000, 0x000000079c680000, 0x00000007c0000000)
  eden space 44544K, 99% used [0x0000000795580000,0x00000007980b0370,0x0000000798100000)
  from space 5120K, 65% used [0x0000000799b80000,0x0000000799ecb318,0x000000079a080000)
  to   space 27136K, 0% used [0x0000000798100000,0x0000000798100000,0x0000000799b80000)
 ParOldGen       total 139264K, used 71670K [0x0000000740000000, 0x0000000748800000, 0x0000000795580000)
  object space 139264K, 51% used [0x0000000740000000,0x00000007445fda10,0x0000000748800000)
 Metaspace       used 29696K, capacity 30620K, committed 30936K, reserved 1075200K
  class space    used 3987K, capacity 4225K, committed 4352K, reserved 1048576K
Event: 22.595 GC heap after
Heap after GC invocations=9 (full 2):
 PSYoungGen      total 71680K, used 5777K [0x0000000795580000, 0x000000079d880000, 0x00000007c0000000)
  eden space 44544K, 0% used [0x0000000795580000,0x0000000795580000,0x0000000798100000)
  from space 27136K, 21% used [0x0000000798100000,0x00000007986a4508,0x0000000799b80000)
  to   space 25088K, 0% used [0x000000079c000000,0x000000079c000000,0x000000079d880000)
 ParOldGen       total 139264K, used 71678K [0x0000000740000000, 0x0000000748800000, 0x0000000795580000)
  object space 139264K, 51% used [0x0000000740000000,0x00000007445ffa10,0x0000000748800000)
 Metaspace       used 29696K, capacity 30620K, committed 30936K, reserved 1075200K
  class space    used 3987K, capacity 4225K, committed 4352K, reserved 1048576K
}
Event: 23.623 GC heap before
{Heap before GC invocations=10 (full 2):
 PSYoungGen      total 71680K, used 50321K [0x0000000795580000, 0x000000079d880000, 0x00000007c0000000)
  eden space 44544K, 100% used [0x0000000795580000,0x0000000798100000,0x0000000798100000)
  from space 27136K, 21% used [0x0000000798100000,0x00000007986a4508,0x0000000799b80000)
  to   space 25088K, 0% used [0x000000079c000000,0x000000079c000000,0x000000079d880000)
 ParOldGen       total 139264K, used 71678K [0x0000000740000000, 0x0000000748800000, 0x0000000795580000)
  object space 139264K, 51% used [0x0000000740000000,0x00000007445ffa10,0x0000000748800000)
 Metaspace       used 30375K, capacity 31338K, committed 31704K, reserved 1077248K
  class space    used 4043K, capacity 4266K, committed 4352K, reserved 1048576K
Event: 23.643 GC heap after
Heap after GC invocations=10 (full 2):
 PSYoungGen      total 108032K, used 11495K [0x0000000795580000, 0x000000079d780000, 0x00000007c0000000)
  eden space 83968K, 0% used [0x0000000795580000,0x0000000795580000,0x000000079a780000)
  from space 24064K, 47% used [0x000000079c000000,0x000000079cb39ca8,0x000000079d780000)
  to   space 24576K, 0% used [0x000000079a780000,0x000000079a780000,0x000000079bf80000)
 ParOldGen       total 139264K, used 71686K [0x0000000740000000, 0x0000000748800000, 0x0000000795580000)
  object space 139264K, 51% used [0x0000000740000000,0x0000000744601a10,0x0000000748800000)
 Metaspace       used 30375K, capacity 31338K, committed 31704K, reserved 1077248K
  class space    used 4043K, capacity 4266K, committed 4352K, reserved 1048576K
}
Event: 24.748 GC heap before
{Heap before GC invocations=11 (full 2):
 PSYoungGen      total 108032K, used 91000K [0x0000000795580000, 0x000000079d780000, 0x00000007c0000000)
  eden space 83968K, 94% used [0x0000000795580000,0x000000079a324570,0x000000079a780000)
  from space 24064K, 47% used [0x000000079c000000,0x000000079cb39ca8,0x000000079d780000)
  to   space 24576K, 0% used [0x000000079a780000,0x000000079a780000,0x000000079bf80000)
 ParOldGen       total 139264K, used 71686K [0x0000000740000000, 0x0000000748800000, 0x0000000795580000)
  object space 139264K, 51% used [0x0000000740000000,0x0000000744601a10,0x0000000748800000)
 Metaspace       used 30611K, capacity 31544K, committed 31704K, reserved 1077248K
  class space    used 4052K, capacity 4269K, committed 4352K, reserved 1048576K
Event: 24.773 GC heap after
Heap after GC invocations=11 (full 2):
 PSYoungGen      total 108544K, used 24549K [0x0000000795580000, 0x00000007a2a80000, 0x00000007c0000000)
  eden space 83968K, 0% used [0x0000000795580000,0x0000000795580000,0x000000079a780000)
  from space 24576K, 99% used [0x000000079a780000,0x000000079bf79648,0x000000079bf80000)
  to   space 29696K, 0% used [0x00000007a0d80000,0x00000007a0d80000,0x00000007a2a80000)
 ParOldGen       total 139264K, used 72496K [0x0000000740000000, 0x0000000748800000, 0x0000000795580000)
  object space 139264K, 52% used [0x0000000740000000,0x00000007446cc1a0,0x0000000748800000)
 Metaspace       used 30611K, capacity 31544K, committed 31704K, reserved 1077248K
  class space    used 4052K, capacity 4269K, committed 4352K, reserved 1048576K
}

Deoptimization events (10 events):
Event: 32.740 Thread 0x00007fd4938d4800 Uncommon trap: reason=unstable_if action=reinterpret pc=0x0000000109bf8d60 method=com.sun.javafx.text.PrismTextLayout.setContent(Ljava/lang/String;Ljava/lang/Object;)Z @ 54
Event: 32.745 Thread 0x00007fd4938d4800 Uncommon trap: reason=unstable_if action=reinterpret pc=0x0000000109b24c88 method=com.sun.javafx.text.GlyphLayout.breakRuns(Lcom/sun/javafx/text/PrismTextLayout;[CI)I @ 206
Event: 32.745 Thread 0x00007fd4938d4800 Uncommon trap: reason=unstable_if action=reinterpret pc=0x0000000109be9bac method=com.sun.javafx.font.LogicalFont.getGlyphMapper()Lcom/sun/javafx/font/CharToGlyphMapper; @ 4
Event: 32.776 Thread 0x00007fd4938d4800 Uncommon trap: reason=unstable_if action=reinterpret pc=0x0000000109e34500 method=java.util.ArrayList.remove(Ljava/lang/Object;)Z @ 46
Event: 32.781 Thread 0x00007fd4938d4800 Uncommon trap: reason=unstable_if action=reinterpret pc=0x00000001098decd0 method=com.sun.javafx.text.PrismTextLayout.copyCache()Z @ 33
Event: 32.792 Thread 0x00007fd4938d4800 Uncommon trap: reason=unstable_if action=reinterpret pc=0x0000000109ba6714 method=com.sun.javafx.text.PrismTextLayout.ensureLayout()V @ 4
Event: 32.793 Thread 0x00007fd492101800 Uncommon trap: reason=class_check action=maybe_recompile pc=0x0000000109d8e0bc method=com.sun.prism.impl.ps.BaseShaderContext.setRenderTarget(Lcom/sun/prism/RenderTarget;Lcom/sun/javafx/sg/prism/NGCamera;ZZ)V @ 9
Event: 32.803 Thread 0x00007fd492101800 Uncommon trap: reason=class_check action=maybe_recompile pc=0x0000000109d8e0bc method=com.sun.prism.impl.ps.BaseShaderContext.setRenderTarget(Lcom/sun/prism/RenderTarget;Lcom/sun/javafx/sg/prism/NGCamera;ZZ)V @ 9
Event: 32.803 Thread 0x00007fd492101800 Uncommon trap: reason=class_check action=maybe_recompile pc=0x0000000109d8e0bc method=com.sun.prism.impl.ps.BaseShaderContext.setRenderTarget(Lcom/sun/prism/RenderTarget;Lcom/sun/javafx/sg/prism/NGCamera;ZZ)V @ 9
Event: 33.779 Thread 0x00007fd492101800 Uncommon trap: reason=unstable_if action=reinterpret pc=0x0000000109d4e9e8 method=com.sun.prism.es2.GLContext.updateBoundTexture(I)V @ 5

Classes redefined (0 events):
No events

Internal exceptions (10 events):
Event: 23.755 Thread 0x00007fd4938d4800 Exception <a 'java/io/IOException': Improper call to JPEG library in state 200> (0x00000007955faa18) thrown at [/System/Volumes/Data/jenkins/workspace/8-2-build-macosx-x86_64/jdk8u311/1894/hotspot/src/share/vm/prims/jni.cpp, line 737]
Event: 23.765 Thread 0x00007fd4938d4800 Exception <a 'java/io/IOException': Improper call to JPEG library in state 200> (0x0000000795606188) thrown at [/System/Volumes/Data/jenkins/workspace/8-2-build-macosx-x86_64/jdk8u311/1894/hotspot/src/share/vm/prims/jni.cpp, line 737]
Event: 23.785 Thread 0x00007fd4938d4800 Exception <a 'java/io/IOException': Improper call to JPEG library in state 200> (0x0000000795611990) thrown at [/System/Volumes/Data/jenkins/workspace/8-2-build-macosx-x86_64/jdk8u311/1894/hotspot/src/share/vm/prims/jni.cpp, line 737]
Event: 23.788 Thread 0x00007fd4938d4800 Exception <a 'java/io/IOException': Improper call to JPEG library in state 200> (0x0000000795613188) thrown at [/System/Volumes/Data/jenkins/workspace/8-2-build-macosx-x86_64/jdk8u311/1894/hotspot/src/share/vm/prims/jni.cpp, line 737]
Event: 23.801 Thread 0x00007fd4938d4800 Exception <a 'java/io/IOException': Improper call to JPEG library in state 200> (0x00000007956148e8) thrown at [/System/Volumes/Data/jenkins/workspace/8-2-build-macosx-x86_64/jdk8u311/1894/hotspot/src/share/vm/prims/jni.cpp, line 737]
Event: 23.824 Thread 0x00007fd4938d4800 Exception <a 'java/io/IOException': Improper call to JPEG library in state 200> (0x000000079581b380) thrown at [/System/Volumes/Data/jenkins/workspace/8-2-build-macosx-x86_64/jdk8u311/1894/hotspot/src/share/vm/prims/jni.cpp, line 737]
Event: 23.831 Thread 0x00007fd4938d4800 Exception <a 'java/io/IOException': Improper call to JPEG library in state 200> (0x0000000795826b88) thrown at [/System/Volumes/Data/jenkins/workspace/8-2-build-macosx-x86_64/jdk8u311/1894/hotspot/src/share/vm/prims/jni.cpp, line 737]
Event: 23.847 Thread 0x00007fd4938d4800 Exception <a 'java/io/IOException': Improper call to JPEG library in state 200> (0x00000007958322f8) thrown at [/System/Volumes/Data/jenkins/workspace/8-2-build-macosx-x86_64/jdk8u311/1894/hotspot/src/share/vm/prims/jni.cpp, line 737]
Event: 23.848 Thread 0x00007fd4938d4800 Exception <a 'java/io/IOException': Improper call to JPEG library in state 200> (0x000000079583e278) thrown at [/System/Volumes/Data/jenkins/workspace/8-2-build-macosx-x86_64/jdk8u311/1894/hotspot/src/share/vm/prims/jni.cpp, line 737]
Event: 24.324 Thread 0x00007fd4938d4800 Exception <a 'java/io/IOException': Improper call to JPEG library in state 200> (0x0000000796e05120) thrown at [/System/Volumes/Data/jenkins/workspace/8-2-build-macosx-x86_64/jdk8u311/1894/hotspot/src/share/vm/prims/jni.cpp, line 737]

Events (10 events):
Event: 34.309 Thread 0x00007fd4943b9800 Thread exited: 0x00007fd4943b9800
Event: 34.351 Thread 0x00007fd494133000 Thread exited: 0x00007fd494133000
Event: 34.364 Thread 0x00007fd492324000 Thread exited: 0x00007fd492324000
Event: 34.452 Thread 0x00007fd491ac4000 Thread exited: 0x00007fd491ac4000
Event: 34.609 Thread 0x00007fd49204a000 Thread exited: 0x00007fd49204a000
Event: 34.614 Thread 0x00007fd494130800 Thread exited: 0x00007fd494130800
Event: 34.617 Thread 0x00007fd493177000 Thread exited: 0x00007fd493177000
Event: 34.624 Thread 0x00007fd491ac1800 Thread exited: 0x00007fd491ac1800
Event: 34.666 Thread 0x00007fd491ac6800 Thread exited: 0x00007fd491ac6800
Event: 34.763 Thread 0x00007fd49231d800 Thread exited: 0x00007fd49231d800


Dynamic libraries:
0x00007ff824939000 	/System/Library/Frameworks/Cocoa.framework/Versions/A/Cocoa
0x00007ff8105b6000 	/System/Library/Frameworks/AppKit.framework/Versions/C/AppKit
0x00007ff813ac1000 	/System/Library/Frameworks/CoreData.framework/Versions/A/CoreData
0x00007ff80e9c2000 	/System/Library/Frameworks/Foundation.framework/Versions/C/Foundation
0x00007ff8188e2000 	/usr/lib/libSystem.B.dylib
0x00007ff811444000 	/System/Library/PrivateFrameworks/UIFoundation.framework/Versions/A/UIFoundation
0x00007ff81e843000 	/System/Library/PrivateFrameworks/RemoteViewServices.framework/Versions/A/RemoteViewServices
0x00007ff816b2d000 	/System/Library/PrivateFrameworks/XCTTargetBootstrap.framework/Versions/A/XCTTargetBootstrap
0x00007ff81a6e9000 	/System/Library/PrivateFrameworks/InternationalSupport.framework/Versions/A/InternationalSupport
0x00007ff81a773000 	/System/Library/PrivateFrameworks/UserActivity.framework/Versions/A/UserActivity
0x00007ff819ac9000 	/usr/lib/libspindump.dylib
0x00007ff8116d2000 	/System/Library/Frameworks/UniformTypeIdentifiers.framework/Versions/A/UniformTypeIdentifiers
0x00007ff815256000 	/usr/lib/libapp_launch_measurement.dylib
0x00007ff814491000 	/System/Library/PrivateFrameworks/CoreAnalytics.framework/Versions/A/CoreAnalytics
0x00007ff815259000 	/System/Library/PrivateFrameworks/CoreAutoLayout.framework/Versions/A/CoreAutoLayout
0x00007ff816487000 	/System/Library/Frameworks/Metal.framework/Versions/A/Metal
0x00007ff8171b3000 	/usr/lib/liblangid.dylib
0x00007ff816b32000 	/System/Library/PrivateFrameworks/CoreSVG.framework/Versions/A/CoreSVG
0x00007ff812ab9000 	/System/Library/PrivateFrameworks/SkyLight.framework/Versions/A/SkyLight
0x00007ff812e57000 	/System/Library/Frameworks/CoreGraphics.framework/Versions/A/CoreGraphics
0x00007ff81ef03000 	/System/Library/Frameworks/Accelerate.framework/Versions/A/Accelerate
0x00007ff819548000 	/System/Library/PrivateFrameworks/IconServices.framework/Versions/A/IconServices
0x00007ff81646c000 	/System/Library/Frameworks/IOSurface.framework/Versions/A/IOSurface
0x00007ff8144bf000 	/usr/lib/libDiagnosticMessagesClient.dylib
0x00007ff818802000 	/usr/lib/libz.1.dylib
0x00007ff8225e6000 	/System/Library/Frameworks/ApplicationServices.framework/Versions/A/ApplicationServices
0x00007ff816b19000 	/System/Library/PrivateFrameworks/DFRFoundation.framework/Versions/A/DFRFoundation
0x00007ff80fe9e000 	/usr/lib/libicucore.A.dylib
0x00007ff81b4de000 	/System/Library/Frameworks/AudioToolbox.framework/Versions/A/AudioToolbox
0x00007ff81a6f5000 	/System/Library/PrivateFrameworks/DataDetectorsCore.framework/Versions/A/DataDetectorsCore
0x00007ff916682000 	/System/Library/PrivateFrameworks/TextInput.framework/Versions/A/TextInput
0x00007ff812a3c000 	/usr/lib/libMobileGestalt.dylib
0x00007ff816825000 	/System/Library/Frameworks/Carbon.framework/Versions/A/Frameworks/HIToolbox.framework/Versions/A/HIToolbox
0x00007ff814c5c000 	/System/Library/Frameworks/QuartzCore.framework/Versions/A/QuartzCore
0x00007ff80fb45000 	/System/Library/Frameworks/Security.framework/Versions/A/Security
0x00007ff81e87b000 	/System/Library/Frameworks/Carbon.framework/Versions/A/Frameworks/SpeechRecognition.framework/Versions/A/SpeechRecognition
0x00007ff814fb6000 	/System/Library/PrivateFrameworks/CoreUI.framework/Versions/A/CoreUI
0x00007ff80f411000 	/System/Library/Frameworks/CoreAudio.framework/Versions/A/CoreAudio
0x00007ff8145ae000 	/System/Library/Frameworks/DiskArbitration.framework/Versions/A/DiskArbitration
0x00007ff819eb7000 	/System/Library/PrivateFrameworks/MultitouchSupport.framework/Versions/A/MultitouchSupport
0x00007ff812a3b000 	/usr/lib/libenergytrace.dylib
0x00007ff8104a2000 	/System/Library/Frameworks/IOKit.framework/Versions/A/IOKit
0x00007ff81ec6b000 	/System/Library/Frameworks/CoreServices.framework/Versions/A/CoreServices
0x00007ff8151f0000 	/System/Library/PrivateFrameworks/PerformanceAnalysis.framework/Versions/A/PerformanceAnalysis
0x00007ffa25ba6000 	/System/Library/Frameworks/OpenGL.framework/Versions/A/OpenGL
0x00007ff817e1c000 	/System/Library/PrivateFrameworks/MobileKeyBag.framework/Versions/A/MobileKeyBag
0x00007ff80d992000 	/usr/lib/libobjc.A.dylib
0x00007ff813522000 	/System/Library/Frameworks/ColorSync.framework/Versions/A/ColorSync
0x00007ff80db50000 	/System/Library/Frameworks/CoreFoundation.framework/Versions/A/CoreFoundation
0x00007ff816da9000 	/System/Library/Frameworks/CoreImage.framework/Versions/A/CoreImage
0x00007ff80f229000 	/System/Library/Frameworks/CoreText.framework/Versions/A/CoreText
0x00007ff816b62000 	/System/Library/Frameworks/ImageIO.framework/Versions/A/ImageIO
0x00007ff8188e8000 	/System/Library/PrivateFrameworks/SoftLinking.framework/Versions/A/SoftLinking
0x00007ff8152a1000 	/usr/lib/libxml2.2.dylib
0x00007ff80da5c000 	/usr/lib/libc++.1.dylib
0x00007ff818b6c000 	/usr/lib/libcompression.dylib
0x00007ff81a61c000 	/System/Library/PrivateFrameworks/TextureIO.framework/Versions/A/TextureIO
0x00007ff81925a000 	/usr/lib/libate.dylib
0x00007ff8188dd000 	/usr/lib/system/libcache.dylib
0x00007ff818899000 	/usr/lib/system/libcommonCrypto.dylib
0x00007ff8188c2000 	/usr/lib/system/libcompiler_rt.dylib
0x00007ff8188b8000 	/usr/lib/system/libcopyfile.dylib
0x00007ff80d88d000 	/usr/lib/system/libcorecrypto.dylib
0x00007ff80d94b000 	/usr/lib/system/libdispatch.dylib
0x00007ff80db0f000 	/usr/lib/system/libdyld.dylib
0x00007ff8188d4000 	/usr/lib/system/libkeymgr.dylib
0x00007ff818877000 	/usr/lib/system/libmacho.dylib
0x00007ff817ef6000 	/usr/lib/system/libquarantine.dylib
0x00007ff8188d2000 	/usr/lib/system/libremovefile.dylib
0x00007ff812a89000 	/usr/lib/system/libsystem_asl.dylib
0x00007ff80d836000 	/usr/lib/system/libsystem_blocks.dylib
0x00007ff80d9d3000 	/usr/lib/system/libsystem_c.dylib
0x00007ff8188ca000 	/usr/lib/system/libsystem_collections.dylib
0x00007ff8171a3000 	/usr/lib/system/libsystem_configuration.dylib
0x00007ff81644f000 	/usr/lib/system/libsystem_containermanager.dylib
0x00007ff8185b0000 	/usr/lib/system/libsystem_coreservices.dylib
0x00007ff810132000 	/usr/lib/system/libsystem_darwin.dylib
0x00007ff8188d5000 	/usr/lib/system/libsystem_dnssd.dylib
0x00007ff80d9d0000 	/usr/lib/system/libsystem_featureflags.dylib
0x00007ff80db25000 	/usr/lib/system/libsystem_info.dylib
0x00007ff818815000 	/usr/lib/system/libsystem_m.dylib
0x00007ff80d91f000 	/usr/lib/system/libsystem_malloc.dylib
0x00007ff812a24000 	/usr/lib/system/libsystem_networkextension.dylib
0x00007ff810558000 	/usr/lib/system/libsystem_notify.dylib
0x00007ff81eb40000 	/usr/lib/system/libsystem_product_info_filter.dylib
0x00007ff8171a7000 	/usr/lib/system/libsystem_sandbox.dylib
0x00007ff8188cf000 	/usr/lib/system/libsystem_secinit.dylib
0x00007ff80dacb000 	/usr/lib/system/libsystem_kernel.dylib
0x00007ff80db1b000 	/usr/lib/system/libsystem_platform.dylib
0x00007ff80db03000 	/usr/lib/system/libsystem_pthread.dylib
0x00007ff8142d1000 	/usr/lib/system/libsystem_symptoms.dylib
0x00007ff80d874000 	/usr/lib/system/libsystem_trace.dylib
0x00007ff8188a5000 	/usr/lib/system/libunwind.dylib
0x00007ff80d838000 	/usr/lib/system/libxpc.dylib
0x00007ff80dab5000 	/usr/lib/libc++abi.dylib
0x00007ff8188b0000 	/usr/lib/liboah.dylib
0x00007ff819036000 	/usr/lib/liblzma.5.dylib
0x00007ff80e6d5000 	/System/Library/Frameworks/SystemConfiguration.framework/Versions/A/SystemConfiguration
0x00007ff8188e4000 	/usr/lib/libfakelink.dylib
0x00007ff812595000 	/System/Library/Frameworks/CFNetwork.framework/Versions/A/CFNetwork
0x00007ff818a25000 	/usr/lib/libarchive.2.dylib
0x00007ff8171af000 	/System/Library/PrivateFrameworks/AppleSystemInfo.framework/Versions/A/AppleSystemInfo
0x00007ff817f1d000 	/usr/lib/libbsm.0.dylib
0x00007ff811ba8000 	/usr/lib/libnetwork.dylib
0x00007ff81887d000 	/usr/lib/system/libkxld.dylib
0x00007ff817b49000 	/System/Library/PrivateFrameworks/IOMobileFramebuffer.framework/Versions/A/IOMobileFramebuffer
0x00007ffb250ad000 	/usr/lib/libCoreEntitlements.dylib
0x00007ff818592000 	/System/Library/PrivateFrameworks/AppleFSCompression.framework/Versions/A/AppleFSCompression
0x00007ff817f05000 	/usr/lib/libcoretls.dylib
0x00007ff819050000 	/usr/lib/libcoretls_cfhelpers.dylib
0x00007ff818b67000 	/usr/lib/libpam.2.dylib
0x00007ff813ef1000 	/usr/lib/libsqlite3.dylib
0x00007ff8190bf000 	/usr/lib/libxar.1.dylib
0x00007ff8185a2000 	/usr/lib/libbz2.1.0.dylib
0x00007ff8188e9000 	/usr/lib/libpcap.A.dylib
0x00007ff8142c9000 	/usr/lib/libdns_services.dylib
0x00007ff818b37000 	/usr/lib/libapple_nghttp2.dylib
0x00007ff818923000 	/usr/lib/libiconv.2.dylib
0x00007ff818876000 	/usr/lib/libcharset.1.dylib
0x00007ff815224000 	/System/Library/Frameworks/CoreServices.framework/Versions/A/Frameworks/FSEvents.framework/Versions/A/FSEvents
0x00007ff81013c000 	/System/Library/Frameworks/CoreServices.framework/Versions/A/Frameworks/CarbonCore.framework/Versions/A/CarbonCore
0x00007ff814512000 	/System/Library/Frameworks/CoreServices.framework/Versions/A/Frameworks/Metadata.framework/Versions/A/Metadata
0x00007ff8185b5000 	/System/Library/Frameworks/CoreServices.framework/Versions/A/Frameworks/OSServices.framework/Versions/A/OSServices
0x00007ff818aac000 	/System/Library/Frameworks/CoreServices.framework/Versions/A/Frameworks/SearchKit.framework/Versions/A/SearchKit
0x00007ff81425c000 	/System/Library/Frameworks/CoreServices.framework/Versions/A/Frameworks/AE.framework/Versions/A/AE
0x00007ff80e052000 	/System/Library/Frameworks/CoreServices.framework/Versions/A/Frameworks/LaunchServices.framework/Versions/A/LaunchServices
0x00007ff818fe7000 	/System/Library/Frameworks/CoreServices.framework/Versions/A/Frameworks/DictionaryServices.framework/Versions/A/DictionaryServices
0x00007ff815231000 	/System/Library/Frameworks/CoreServices.framework/Versions/A/Frameworks/SharedFileList.framework/Versions/A/SharedFileList
0x00007ff817ef9000 	/usr/lib/libCheckFix.dylib
0x00007ff812aa0000 	/System/Library/PrivateFrameworks/TCC.framework/Versions/A/TCC
0x00007ff8171b5000 	/System/Library/PrivateFrameworks/CoreNLP.framework/Versions/A/CoreNLP
0x00007ff8144c2000 	/System/Library/PrivateFrameworks/MetadataUtilities.framework/Versions/A/MetadataUtilities
0x00007ff80e785000 	/usr/lib/libmecabra.dylib
0x00007ff817f2d000 	/usr/lib/libmecab.dylib
0x00007ff80e750000 	/usr/lib/libCRFSuite.dylib
0x00007ff817f87000 	/usr/lib/libgermantok.dylib
0x00007ff818b12000 	/usr/lib/libThaiTokenizer.dylib
0x00007ff8145b5000 	/System/Library/Frameworks/Accelerate.framework/Versions/A/Frameworks/vImage.framework/Versions/A/vImage
0x00007ff81ec42000 	/System/Library/Frameworks/Accelerate.framework/Versions/A/Frameworks/vecLib.framework/Versions/A/vecLib
0x00007ff819100000 	/System/Library/Frameworks/Accelerate.framework/Versions/A/Frameworks/vecLib.framework/Versions/A/libvMisc.dylib
0x00007ff817974000 	/System/Library/Frameworks/Accelerate.framework/Versions/A/Frameworks/vecLib.framework/Versions/A/libvDSP.dylib
0x00007ff80e3cc000 	/System/Library/Frameworks/Accelerate.framework/Versions/A/Frameworks/vecLib.framework/Versions/A/libBLAS.dylib
0x00007ff818c49000 	/System/Library/Frameworks/Accelerate.framework/Versions/A/Frameworks/vecLib.framework/Versions/A/libLAPACK.dylib
0x00007ff817f8a000 	/System/Library/Frameworks/Accelerate.framework/Versions/A/Frameworks/vecLib.framework/Versions/A/libLinearAlgebra.dylib
0x00007ff818b4f000 	/System/Library/Frameworks/Accelerate.framework/Versions/A/Frameworks/vecLib.framework/Versions/A/libSparseBLAS.dylib
0x00007ff818c43000 	/System/Library/Frameworks/Accelerate.framework/Versions/A/Frameworks/vecLib.framework/Versions/A/libQuadrature.dylib
0x00007ff8172a0000 	/System/Library/Frameworks/Accelerate.framework/Versions/A/Frameworks/vecLib.framework/Versions/A/libBNNS.dylib
0x00007ff80e666000 	/System/Library/Frameworks/Accelerate.framework/Versions/A/Frameworks/vecLib.framework/Versions/A/libSparse.dylib
0x00007ff817299000 	/System/Library/PrivateFrameworks/LinguisticData.framework/Versions/A/LinguisticData
0x00007ff80e61c000 	/System/Library/PrivateFrameworks/Lexicon.framework/Versions/A/Lexicon
0x00007ff8190f9000 	/usr/lib/libChineseTokenizer.dylib
0x00007ff80ed7e000 	/System/Library/PrivateFrameworks/LanguageModeling.framework/Versions/A/LanguageModeling
0x00007ff818b14000 	/System/Library/PrivateFrameworks/AppleSauce.framework/Versions/A/AppleSauce
0x00007ff817b37000 	/System/Library/PrivateFrameworks/CoreEmoji.framework/Versions/A/CoreEmoji
0x00007ff818a14000 	/usr/lib/libcmph.dylib
0x00007ff815208000 	/System/Library/Frameworks/OpenDirectory.framework/Versions/A/Frameworks/CFOpenDirectory.framework/Versions/A/CFOpenDirectory
0x00007ff8151fc000 	/System/Library/Frameworks/OpenDirectory.framework/Versions/A/OpenDirectory
0x00007ff819052000 	/System/Library/PrivateFrameworks/APFS.framework/Versions/A/APFS
0x00007ff817e54000 	/System/Library/Frameworks/SecurityFoundation.framework/Versions/A/SecurityFoundation
0x00007ff8190cd000 	/usr/lib/libutil.dylib
0x00007ff810466000 	/System/Library/PrivateFrameworks/CoreServicesStore.framework/Versions/A/CoreServicesStore
0x00007ff8190d1000 	/usr/lib/libxslt.1.dylib
0x00007ff817ee1000 	/System/Library/PrivateFrameworks/BackgroundTaskManagement.framework/Versions/A/BackgroundTaskManagement
0x00007ff81a53c000 	/System/Library/Frameworks/ImageIO.framework/Versions/A/Resources/libRadiance.dylib
0x00007ff81a545000 	/System/Library/Frameworks/ImageIO.framework/Versions/A/Resources/libJPEG.dylib
0x00007ff81a496000 	/System/Library/Frameworks/ImageIO.framework/Versions/A/Resources/libPng.dylib
0x00007ff81a4b7000 	/System/Library/Frameworks/ImageIO.framework/Versions/A/Resources/libTIFF.dylib
0x00007ff81a5a5000 	/System/Library/Frameworks/ImageIO.framework/Versions/A/Resources/libGIF.dylib
0x00007ff819dd1000 	/System/Library/Frameworks/ImageIO.framework/Versions/A/Resources/libJP2.dylib
0x00007ff81950f000 	/usr/lib/libexpat.1.dylib
0x00007ff819d86000 	/System/Library/PrivateFrameworks/AppleJPEG.framework/Versions/A/AppleJPEG
0x00007ff8166e9000 	/System/Library/PrivateFrameworks/FontServices.framework/libFontParser.dylib
0x00007ff814206000 	/System/Library/PrivateFrameworks/RunningBoardServices.framework/Versions/A/RunningBoardServices
0x00007ff824ef1000 	/System/Library/PrivateFrameworks/IOSurfaceAccelerator.framework/Versions/A/IOSurfaceAccelerator
0x00007ff819eb3000 	/System/Library/PrivateFrameworks/WatchdogClient.framework/Versions/A/WatchdogClient
0x00007ff80ee6c000 	/System/Library/Frameworks/CoreDisplay.framework/Versions/A/CoreDisplay
0x00007ff8165e7000 	/System/Library/Frameworks/CoreMedia.framework/Versions/A/CoreMedia
0x00007ff81647e000 	/System/Library/PrivateFrameworks/IOAccelerator.framework/Versions/A/IOAccelerator
0x00007ff815385000 	/System/Library/Frameworks/CoreVideo.framework/Versions/A/CoreVideo
0x00007ff818b65000 	/System/Library/Frameworks/MetalPerformanceShaders.framework/Versions/A/MetalPerformanceShaders
0x00007ff819ef0000 	/System/Library/Frameworks/VideoToolbox.framework/Versions/A/VideoToolbox
0x00007ff814150000 	/System/Library/PrivateFrameworks/BaseBoard.framework/Versions/A/BaseBoard
0x00007ff813ed7000 	/System/Library/PrivateFrameworks/ProtocolBuffer.framework/Versions/A/ProtocolBuffer
0x00007ff81a535000 	/System/Library/PrivateFrameworks/GPUWrangler.framework/Versions/A/GPUWrangler
0x00007ff81a519000 	/System/Library/PrivateFrameworks/IOPresentment.framework/Versions/A/IOPresentment
0x00007ff81a53f000 	/System/Library/PrivateFrameworks/DSExternalDisplay.framework/Versions/A/DSExternalDisplay
0x00007ffa25b9a000 	/System/Library/Frameworks/OpenGL.framework/Versions/A/Libraries/libCoreFSCache.dylib
0x00007ffb12856000 	/System/Library/PrivateFrameworks/GPUCompiler.framework/Versions/31001/Libraries/libGPUCompilerUtils.dylib
0x00007ff81a5aa000 	/System/Library/PrivateFrameworks/CMCaptureCore.framework/Versions/A/CMCaptureCore
0x00007ff819ab7000 	/System/Library/PrivateFrameworks/AppServerSupport.framework/Versions/A/AppServerSupport
0x00007ff81bd76000 	/System/Library/PrivateFrameworks/perfdata.framework/Versions/A/perfdata
0x00007ff80ef98000 	/System/Library/PrivateFrameworks/AudioToolboxCore.framework/Versions/A/AudioToolboxCore
0x00007ff8165c5000 	/System/Library/PrivateFrameworks/caulk.framework/Versions/A/caulk
0x00007ff81b688000 	/usr/lib/libAudioStatistics.dylib
0x00007ff912e30000 	/System/Library/PrivateFrameworks/SystemPolicy.framework/Versions/A/SystemPolicy
0x00007ff81b8e3000 	/usr/lib/libSMC.dylib
0x00007ff8247ec000 	/System/Library/Frameworks/CoreMIDI.framework/Versions/A/CoreMIDI
0x00007ff81a465000 	/usr/lib/libAudioToolboxUtility.dylib
0x00007ff90f0d3000 	/System/Library/PrivateFrameworks/OSAServicesClient.framework/Versions/A/OSAServicesClient
0x00007ff81bd83000 	/usr/lib/libperfcheck.dylib
0x00007ff9138da000 	/usr/lib/libmis.dylib
0x00007ffa25bf5000 	/System/Library/Frameworks/OpenGL.framework/Versions/A/Libraries/libGLU.dylib
0x00007ffa25bb9000 	/System/Library/Frameworks/OpenGL.framework/Versions/A/Libraries/libGFXShared.dylib
0x00007ffa25dc2000 	/System/Library/Frameworks/OpenGL.framework/Versions/A/Libraries/libGL.dylib
0x00007ffa25bc2000 	/System/Library/Frameworks/OpenGL.framework/Versions/A/Libraries/libGLImage.dylib
0x00007ffa25bb6000 	/System/Library/Frameworks/OpenGL.framework/Versions/A/Libraries/libCVMSPluginSupport.dylib
0x00007ffa25ba1000 	/System/Library/Frameworks/OpenGL.framework/Versions/A/Libraries/libCoreVMClient.dylib
0x00007ff817131000 	/System/Library/Frameworks/MetalPerformanceShaders.framework/Versions/A/Frameworks/MPSCore.framework/Versions/A/MPSCore
0x00007ff8184fd000 	/System/Library/Frameworks/MetalPerformanceShaders.framework/Versions/A/Frameworks/MPSImage.framework/Versions/A/MPSImage
0x00007ff817fa0000 	/System/Library/Frameworks/MetalPerformanceShaders.framework/Versions/A/Frameworks/MPSNeuralNetwork.framework/Versions/A/MPSNeuralNetwork
0x00007ff818414000 	/System/Library/Frameworks/MetalPerformanceShaders.framework/Versions/A/Frameworks/MPSMatrix.framework/Versions/A/MPSMatrix
0x00007ff8181cf000 	/System/Library/Frameworks/MetalPerformanceShaders.framework/Versions/A/Frameworks/MPSRayIntersector.framework/Versions/A/MPSRayIntersector
0x00007ff81844c000 	/System/Library/Frameworks/MetalPerformanceShaders.framework/Versions/A/Frameworks/MPSNDArray.framework/Versions/A/MPSNDArray
0x00007ffa2ab22000 	/System/Library/Frameworks/MetalPerformanceShaders.framework/Versions/A/Frameworks/MPSFunctions.framework/Versions/A/MPSFunctions
0x00007ff80e2a9000 	/System/Library/PrivateFrameworks/MetalTools.framework/Versions/A/MetalTools
0x00007ff8171ad000 	/System/Library/PrivateFrameworks/AggregateDictionary.framework/Versions/A/AggregateDictionary
0x00007ff8192f1000 	/usr/lib/libIOReport.dylib
0x00007ffa271d1000 	/System/Library/Frameworks/OpenCL.framework/Versions/A/OpenCL
0x00007ff819655000 	/System/Library/PrivateFrameworks/FaceCore.framework/Versions/A/FaceCore
0x00007ff819646000 	/System/Library/PrivateFrameworks/GraphVisualizer.framework/Versions/A/GraphVisualizer
0x00007ffb12761000 	/System/Library/PrivateFrameworks/FontServices.framework/Versions/A/FontServices
0x00007ff819a6f000 	/System/Library/PrivateFrameworks/OTSVG.framework/Versions/A/OTSVG
0x00007ff814f6c000 	/System/Library/Frameworks/ApplicationServices.framework/Versions/A/Frameworks/ATS.framework/Versions/A/Resources/libFontRegistry.dylib
0x00007ff819abf000 	/System/Library/PrivateFrameworks/FontServices.framework/libhvf.dylib
0x00007ffb12762000 	/System/Library/PrivateFrameworks/FontServices.framework/libXTFontStaticRegistryData.dylib
0x00007ff8194bf000 	/System/Library/PrivateFrameworks/AppleVA.framework/Versions/A/AppleVA
0x00007ff81b6a8000 	/System/Library/Frameworks/ApplicationServices.framework/Versions/A/Frameworks/ATS.framework/Versions/A/ATS
0x00007ff81361e000 	/System/Library/Frameworks/ApplicationServices.framework/Versions/A/Frameworks/HIServices.framework/Versions/A/HIServices
0x00007ff81a5b4000 	/System/Library/Frameworks/ApplicationServices.framework/Versions/A/Frameworks/PrintCore.framework/Versions/A/PrintCore
0x00007ff81ba36000 	/System/Library/Frameworks/ApplicationServices.framework/Versions/A/Frameworks/QD.framework/Versions/A/QD
0x00007ff81ba2e000 	/System/Library/Frameworks/ApplicationServices.framework/Versions/A/Frameworks/ColorSyncLegacy.framework/Versions/A/ColorSyncLegacy
0x00007ff81b698000 	/System/Library/Frameworks/ApplicationServices.framework/Versions/A/Frameworks/SpeechSynthesis.framework/Versions/A/SpeechSynthesis
0x00007ff81a575000 	/System/Library/Frameworks/ApplicationServices.framework/Versions/A/Frameworks/ATSUI.framework/Versions/A/ATSUI
0x00007ff81b9c3000 	/usr/lib/libcups.2.dylib
0x00007ff81bd92000 	/System/Library/Frameworks/Kerberos.framework/Versions/A/Kerberos
0x00007ff81bda1000 	/System/Library/Frameworks/GSS.framework/Versions/A/GSS
0x00007ff81b714000 	/usr/lib/libresolv.9.dylib
0x00007ff819ace000 	/System/Library/PrivateFrameworks/Heimdal.framework/Versions/A/Heimdal
0x00007ff82296e000 	/System/Library/Frameworks/Kerberos.framework/Versions/A/Libraries/libHeimdalProxy.dylib
0x00007ff8142d9000 	/System/Library/Frameworks/Network.framework/Versions/A/Network
0x00007ff819529000 	/usr/lib/libheimdal-asn1.dylib
0x00007ff81bdec000 	/System/Library/PrivateFrameworks/CommonAuth.framework/Versions/A/CommonAuth
0x00007ff81b61a000 	/System/Library/PrivateFrameworks/AudioSession.framework/Versions/A/AudioSession
0x00007ff8195b9000 	/System/Library/PrivateFrameworks/MediaExperience.framework/Versions/A/MediaExperience
0x00007ff81b4ad000 	/System/Library/PrivateFrameworks/AudioSession.framework/libSessionUtility.dylib
0x00007ff81ba42000 	/System/Library/PrivateFrameworks/AudioResourceArbitration.framework/Versions/A/AudioResourceArbitration
0x00007ff81fab5000 	/System/Library/PrivateFrameworks/PowerLog.framework/Versions/A/PowerLog
0x00007ff819532000 	/System/Library/PrivateFrameworks/IconFoundation.framework/Versions/A/IconFoundation
0x00007ff81e86b000 	/System/Library/PrivateFrameworks/SpeechRecognitionCore.framework/Versions/A/SpeechRecognitionCore
0x000000010348d000 	/Library/Java/JavaVirtualMachines/jdk1.8.0_311.jdk/Contents/Home/jre/lib/server/libjvm.dylib
0x00000001026d1000 	/Library/Java/JavaVirtualMachines/jdk1.8.0_311.jdk/Contents/Home/jre/lib/libverify.dylib
0x0000000102715000 	/Library/Java/JavaVirtualMachines/jdk1.8.0_311.jdk/Contents/Home/jre/lib/libjava.dylib
0x0000000102748000 	/Library/Java/JavaVirtualMachines/jdk1.8.0_311.jdk/Contents/Home/jre/lib/libinstrument.dylib
0x00000001026ef000 	/Library/Java/JavaVirtualMachines/jdk1.8.0_311.jdk/Contents/Home/jre/lib/libzip.dylib
0x000000010908f000 	/Library/Java/JavaVirtualMachines/jdk1.8.0_311.jdk/Contents/Home/jre/lib/libnet.dylib
0x0000000109126000 	/Library/Java/JavaVirtualMachines/jdk1.8.0_311.jdk/Contents/Home/jre/lib/libawt.dylib
0x000000011a045000 	/Library/Java/JavaVirtualMachines/jdk1.8.0_311.jdk/Contents/Home/jre/lib/libmlib_image.dylib
0x00007ffa2aa7f000 	/System/Library/Frameworks/JavaNativeFoundation.framework/Versions/A/JavaNativeFoundation
0x00007ffa2aa8b000 	/System/Library/Frameworks/JavaRuntimeSupport.framework/Versions/A/JavaRuntimeSupport
0x00007ff912955000 	/System/Library/Frameworks/Carbon.framework/Versions/A/Carbon
0x00007ff820d32000 	/System/Library/PrivateFrameworks/CoreSymbolication.framework/Versions/A/CoreSymbolication
0x00007ff82627f000 	/System/Library/Frameworks/Carbon.framework/Versions/A/Frameworks/CommonPanels.framework/Versions/A/CommonPanels
0x00007ff822366000 	/System/Library/Frameworks/Carbon.framework/Versions/A/Frameworks/Help.framework/Versions/A/Help
0x00007ff826283000 	/System/Library/Frameworks/Carbon.framework/Versions/A/Frameworks/ImageCapture.framework/Versions/A/ImageCapture
0x00007ff826253000 	/System/Library/Frameworks/Carbon.framework/Versions/A/Frameworks/OpenScripting.framework/Versions/A/OpenScripting
0x00007ff82627b000 	/System/Library/Frameworks/Carbon.framework/Versions/A/Frameworks/Ink.framework/Versions/A/Ink
0x00007ff912951000 	/System/Library/Frameworks/Carbon.framework/Versions/A/Frameworks/Print.framework/Versions/A/Print
0x00007ff826277000 	/System/Library/Frameworks/Carbon.framework/Versions/A/Frameworks/SecurityHI.framework/Versions/A/SecurityHI
0x00007ff820cf7000 	/System/Library/PrivateFrameworks/DebugSymbols.framework/Versions/A/DebugSymbols
0x000000011a0fd000 	/Library/Java/JavaVirtualMachines/jdk1.8.0_311.jdk/Contents/Home/jre/lib/libawt_lwawt.dylib
0x00000001090c8000 	/Library/Java/JavaVirtualMachines/jdk1.8.0_311.jdk/Contents/Home/jre/lib/libosxapp.dylib
0x00007ff911d3f000 	/System/Library/Frameworks/ExceptionHandling.framework/Versions/A/ExceptionHandling
0x00007ff810428000 	/System/Library/PrivateFrameworks/CoreServicesInternal.framework/Versions/A/CoreServicesInternal
0x00007ff8200a6000 	/System/Library/Frameworks/FileProvider.framework/Versions/A/FileProvider
0x00007ff8140bd000 	/System/Library/Frameworks/Accounts.framework/Versions/A/Accounts
0x00007ff82021f000 	/System/Library/PrivateFrameworks/GenerationalStorage.framework/Versions/A/GenerationalStorage
0x00007ff81faaa000 	/System/Library/PrivateFrameworks/SymptomDiagnosticReporter.framework/Versions/A/SymptomDiagnosticReporter
0x00007ff8116e6000 	/System/Library/PrivateFrameworks/DesktopServicesPriv.framework/Versions/A/DesktopServicesPriv
0x00007ff810567000 	/usr/lib/libsandbox.1.dylib
0x00007ff815404000 	/System/Library/PrivateFrameworks/UserManagement.framework/Versions/A/UserManagement
0x00007ff81ba23000 	/System/Library/PrivateFrameworks/NetAuth.framework/Versions/A/NetAuth
0x00007ff81c930000 	/System/Library/PrivateFrameworks/Sharing.framework/Versions/A/Sharing
0x00007ff8153d7000 	/System/Library/PrivateFrameworks/login.framework/Versions/A/Frameworks/loginsupport.framework/Versions/A/loginsupport
0x00007ff821e95000 	/System/Library/PrivateFrameworks/Apple80211.framework/Versions/A/Apple80211
0x00007ff8185e2000 	/System/Library/PrivateFrameworks/AuthKit.framework/Versions/A/AuthKit
0x00007ff817c2d000 	/System/Library/PrivateFrameworks/CoreUtils.framework/Versions/A/CoreUtils
0x00007ff817b54000 	/System/Library/Frameworks/CoreWLAN.framework/Versions/A/CoreWLAN
0x00007ff81ca8f000 	/System/Library/Frameworks/IOBluetooth.framework/Versions/A/IOBluetooth
0x00007ff821efd000 	/System/Library/PrivateFrameworks/CoreWiFi.framework/Versions/A/CoreWiFi
0x00007ff8208c9000 	/System/Library/PrivateFrameworks/FrontBoardServices.framework/Versions/A/FrontBoardServices
0x00007ff82095a000 	/System/Library/PrivateFrameworks/BoardServices.framework/Versions/A/BoardServices
0x00007ff817e43000 	/System/Library/PrivateFrameworks/AssertionServices.framework/Versions/A/AssertionServices
0x00007ff822080000 	/System/Library/PrivateFrameworks/BackBoardServices.framework/Versions/A/BackBoardServices
0x00007ff81be7d000 	/System/Library/PrivateFrameworks/CorePhoneNumbers.framework/Versions/A/CorePhoneNumbers
0x00007ff81fbc7000 	/System/Library/PrivateFrameworks/DiskManagement.framework/Versions/A/DiskManagement
0x00007ff81fadb000 	/System/Library/PrivateFrameworks/AppleIDAuthSupport.framework/Versions/A/AppleIDAuthSupport
0x00007ffa2d0e3000 	/System/Library/PrivateFrameworks/AAAFoundation.framework/Versions/A/AAAFoundation
0x00007ff81be5e000 	/System/Library/PrivateFrameworks/KeychainCircle.framework/Versions/A/KeychainCircle
0x00007ff81fb93000 	/System/Library/PrivateFrameworks/MediaKit.framework/Versions/A/MediaKit
0x00007ff81fae7000 	/System/Library/Frameworks/DiscRecording.framework/Versions/A/DiscRecording
0x00007ff819437000 	/usr/lib/libCoreStorage.dylib
0x00007ff82236e000 	/usr/lib/libcsfde.dylib
0x00007ff81cb5c000 	/System/Library/PrivateFrameworks/ProtectedCloudStorage.framework/Versions/A/ProtectedCloudStorage
0x00007ff82236a000 	/System/Library/PrivateFrameworks/EFILogin.framework/Versions/A/EFILogin
0x00007ff820245000 	/System/Library/PrivateFrameworks/OctagonTrust.framework/Versions/A/OctagonTrust
0x00007ffb119d0000 	/System/Library/PrivateFrameworks/CoreUtilsExtras.framework/Versions/A/CoreUtilsExtras
0x00007ff81fa0e000 	/System/Library/Frameworks/CoreBluetooth.framework/Versions/A/CoreBluetooth
0x00007ff8229f3000 	/System/Library/Frameworks/AudioUnit.framework/Versions/A/AudioUnit
0x00007ff81942f000 	/usr/lib/libMatch.1.dylib
0x00007ff91a681000 	/System/Library/CoreServices/RawCamera.bundle/Contents/MacOS/RawCamera
0x00007ff81bdfc000 	/System/Library/PrivateFrameworks/MobileAsset.framework/Versions/A/MobileAsset
0x00007ff822a1a000 	/System/Library/PrivateFrameworks/StreamingZip.framework/Versions/A/StreamingZip
0x00007ffb0ecca000 	/System/Library/PrivateFrameworks/CMPhoto.framework/Versions/A/CMPhoto
0x00007ff820bcd000 	/System/Library/PrivateFrameworks/AppleVPA.framework/Versions/A/AppleVPA
0x00007ff81a7de000 	/System/Library/Frameworks/MediaToolbox.framework/Versions/A/MediaToolbox
0x00007ff820076000 	/System/Library/PrivateFrameworks/CoreAVCHD.framework/Versions/A/CoreAVCHD
0x00007ff81ef4b000 	/System/Library/Frameworks/MediaAccessibility.framework/Versions/A/MediaAccessibility
0x00007ff820072000 	/System/Library/PrivateFrameworks/Mangrove.framework/Versions/A/Mangrove
0x00007ff81ef56000 	/System/Library/PrivateFrameworks/AlgosScoreFramework.framework/Versions/A/AlgosScoreFramework
0x00007ff81fcb7000 	/System/Library/PrivateFrameworks/CoreAUC.framework/Versions/A/CoreAUC
0x00007ff917eb3000 	/System/Library/Frameworks/Accelerate.framework/Versions/A/Frameworks/vImage.framework/Versions/A/Libraries/libCGInterfaces.dylib
0x000000011bce7000 	/usr/lib/libobjc-trampolines.dylib
0x00007ff8150fc000 	/System/Library/PrivateFrameworks/ViewBridge.framework/Versions/A/ViewBridge
0x00007ffa25dcd000 	/System/Library/Frameworks/OpenGL.framework/Versions/A/Resources/GLEngine.bundle/GLEngine
0x00007ffa25c33000 	/System/Library/Frameworks/OpenGL.framework/Versions/A/Libraries/libGLProgrammability.dylib
0x00007ffa1ac4e000 	/System/Library/Extensions/AppleIntelKBLGraphicsGLDriver.bundle/Contents/MacOS/AppleIntelKBLGraphicsGLDriver
0x00007ff91da14000 	/System/Library/PrivateFrameworks/GPUSupport.framework/Versions/A/Libraries/libGPUSupportMercury.dylib
0x00007ffa25f57000 	/System/Library/Frameworks/OpenGL.framework/Versions/A/Resources/GLRendererFloat.bundle/GLRendererFloat
0x00007ff819b85000 	/System/Library/PrivateFrameworks/login.framework/Versions/A/login
0x000000011df7c000 	/Library/Java/JavaVirtualMachines/jdk1.8.0_311.jdk/Contents/Home/jre/lib/libfontmanager.dylib
0x000000011df2c000 	/Library/Java/JavaVirtualMachines/jdk1.8.0_311.jdk/Contents/Home/jre/lib/libosxui.dylib
0x00007ffb251bc000 	/usr/lib/libRosetta.dylib
0x000000011e477000 	/Library/Java/JavaVirtualMachines/jdk1.8.0_311.jdk/Contents/Home/jre/lib/libnio.dylib
0x00007ffa17e43000 	/System/Library/CoreServices/Encodings/libSimplifiedChineseConverter.dylib
0x000000014e1a8000 	/Library/Java/JavaVirtualMachines/jdk1.8.0_311.jdk/Contents/Home/jre/lib/libprism_es2.dylib
0x000000014e5b2000 	/Library/Java/JavaVirtualMachines/jdk1.8.0_311.jdk/Contents/Home/jre/lib/libglass.dylib
0x0000000161e07000 	/Library/Java/JavaVirtualMachines/jdk1.8.0_311.jdk/Contents/Home/jre/lib/libjfxwebkit.dylib
0x000000014e633000 	/Library/Java/JavaVirtualMachines/jdk1.8.0_311.jdk/Contents/Home/jre/lib/libjavafx_font.dylib
0x000000015dd8b000 	/Library/Java/JavaVirtualMachines/jdk1.8.0_311.jdk/Contents/Home/jre/lib/libsunec.dylib
0x000000015f052000 	/Library/Java/JavaVirtualMachines/jdk1.8.0_311.jdk/Contents/Home/jre/lib/libjavafx_iio.dylib
0x00000001603d0000 	/Library/Java/JavaVirtualMachines/jdk1.8.0_311.jdk/Contents/Home/jre/lib/libprism_common.dylib

VM Arguments:
jvm_args: -Djava.library.path=/Users/andreasschauer/Downloads/kit-iism-experimenttool_newtry/Exp_Implementation/lib -javaagent:/Applications/IntelliJ IDEA CE.app/Contents/lib/idea_rt.jar=56070:/Applications/IntelliJ IDEA CE.app/Contents/bin -Dfile.encoding=UTF-8 
java_command: edu.kit.exp.impl.run -c -server 127.0.0.1 -clientid client1 -autologin
java_class_path (initial): /Users/andreasschauer/Downloads/kit-iism-experimenttool_newtry/Exp_Implementation/bin:/Users/andreasschauer/Downloads/kit-iism-experimenttool_newtry/Exp_Implementation/lib/comm.jar:/Users/andreasschauer/Downloads/kit-iism-experimenttool_newtry/Exp_Implementation/lib/JNative.jar:/Users/andreasschauer/Downloads/kit-iism-experimenttool_newtry/ExpClient/bin:/Users/andreasschauer/Downloads/kit-iism-experimenttool_newtry/ExpCommon/bin:/Users/andreasschauer/Downloads/kit-iism-experimenttool_newtry/Exp_Implementation/lib/swt-win64-3.6.2.jar:/Users/andreasschauer/Downloads/kit-iism-experimenttool_newtry/Exp_Implementation/lib/log4j-api-2.0-rc1.jar:/Users/andreasschauer/Downloads/kit-iism-experimenttool_newtry/Exp_Implementation/lib/log4j-core-2.0-rc1.jar:/Users/andreasschauer/Downloads/kit-iism-experimenttool_newtry/Exp_Implementation/lib/steelseries-3.9.30.jar:/Users/andreasschauer/Downloads/kit-iism-experimenttool_newtry/ExpClient/lib/miglayout15-swing.jar:/Users/andreasschauer/Downloads/kit-iism-experimenttool_newtry/ExpJPA/build/classes:/Users/andreasschauer/Downloads/kit-iism-experimenttool_newtry/ExpJPA/lib/postgresql-9.2-1002.jdbc4.jar:/Users/andreasschauer/Downloads/kit-iism-experimenttool_newtry/ExpJPA/lib/joda-time-2.2.jar:/Users/andreasschauer/Downloads/kit-iism-experimenttool_newtry/ExpJPA/src/main/resources:/Users/andreasschauer/Downloads/kit-iism-experimenttool_newtry/ExpJPA/lib/eclipseLink/javax.persistence_2.0.4.v201112161009.jar:/Users/andreasschauer/Downloads/kit-iism-experimenttool_newtry/ExpJPA/lib/eclipseLink/eclipselink.jar:/Users/andreasschauer/Downloads/kit-iism-experimenttool_newtry/ExpJPA/lib/h2-1.3.176.jar:/Users/andreasschauer/Downloads/kit-iism-experimenttool_newtry/ExpClient/main/recources:/Users/andreasschauer/Downloads/kit-iism-experimenttool_newtry/ExpClient/lib/jython-2.1.jar:/Users/andreasschauer/Downloads/kit-iism-experimenttool_newtry/ExpSensors/bin:/Users/andreasschauer/Downloads/kit-iism-experimenttool_newtr
Launcher Type: SUN_STANDARD

Environment Variables:
PATH=/Users/andreasschauer/opt/anaconda3/bin:/Users/andreasschauer/opt/anaconda3/condabin:/Library/Frameworks/Python.framework/Versions/3.6/bin:/Library/Frameworks/Python.framework/Versions/3.8/bin:/Library/Frameworks/Python.framework/Versions/3.9/bin:/usr/local/bin:/usr/bin:/bin:/usr/sbin:/sbin:/opt/X11/bin
SHELL=/bin/zsh
DISPLAY=/private/tmp/com.apple.launchd.yaMVc9tyNO/org.xquartz:0

Signal Handlers:
SIGSEGV: [libjvm.dylib+0x59bd8b], sa_mask[0]=11111111011111110111111111111111, sa_flags=SA_ONSTACK|SA_RESTART|SA_SIGINFO
SIGBUS: [libjvm.dylib+0x59bd8b], sa_mask[0]=11111111011111110111111111111111, sa_flags=SA_RESTART|SA_SIGINFO
SIGFPE: [libjvm.dylib+0x59bd8b], sa_mask[0]=11111111011111110111111111111111, sa_flags=SA_RESTART|SA_SIGINFO
SIGPIPE: [libjvm.dylib+0x48f813], sa_mask[0]=11111111011111110111111111111111, sa_flags=SA_RESTART|SA_SIGINFO
SIGXFSZ: [libjvm.dylib+0x48f813], sa_mask[0]=11111111011111110111111111111111, sa_flags=SA_RESTART|SA_SIGINFO
SIGILL: [libjvm.dylib+0x59bd8b], sa_mask[0]=11111111011111110111111111111111, sa_flags=SA_RESTART|SA_SIGINFO
SIGUSR1: SIG_DFL, sa_mask[0]=00000000000000000000000000000000, sa_flags=none
SIGUSR2: [libjvm.dylib+0x490102], sa_mask[0]=00100000000000000000000000000000, sa_flags=SA_RESTART|SA_SIGINFO
SIGHUP: [libjvm.dylib+0x48e35f], sa_mask[0]=11111111011111110111111111111111, sa_flags=SA_RESTART|SA_SIGINFO
SIGINT: [libjvm.dylib+0x48e35f], sa_mask[0]=11111111011111110111111111111111, sa_flags=SA_RESTART|SA_SIGINFO
SIGTERM: [libjvm.dylib+0x48e35f], sa_mask[0]=11111111011111110111111111111111, sa_flags=SA_RESTART|SA_SIGINFO
SIGQUIT: [libjvm.dylib+0x48e35f], sa_mask[0]=11111111011111110111111111111111, sa_flags=SA_RESTART|SA_SIGINFO


---------------  S Y S T E M  ---------------

OS:Bsduname:Darwin 21.4.0 Darwin Kernel Version 21.4.0: Fri Mar 18 00:45:05 PDT 2022; root:xnu-8020.101.4~15/RELEASE_X86_64 x86_64
rlimit: STACK 8192k, CORE 0k, NPROC 1392, NOFILE 10240, AS infinity
load average:7.55 4.02 3.20

CPU:total 8 (initial active 8) (4 cores per cpu, 2 threads per core) family 6 model 142 stepping 10, cmov, cx8, fxsr, mmx, sse, sse2, sse3, ssse3, sse4.1, sse4.2, popcnt, avx, avx2, aes, clmul, erms, 3dnowpref, lzcnt, ht, tsc, tscinvbit, bmi1, bmi2, adx

Memory: 4k page, physical 8388608k(19448k free)

/proc/meminfo:


vm_info: Java HotSpot(TM) 64-Bit Server VM (25.311-b11) for bsd-amd64 JRE (1.8.0_311-b11), built on Sep 27 2021 13:08:09 by "java_re" with gcc 4.2.1 Compatible Apple LLVM 11.0.0 (clang-1100.0.33.17)

time: Mon May 23 15:54:19 2022
timezone: CEST
elapsed time: 34.847969 seconds (0d 0h 0m 34s)

